<?xml version="1.0" encoding="UTF-8"?>
<testng-results ignored="0" total="1" passed="1" failed="0" skipped="0">
  <reporter-output>
  </reporter-output>
  <suite started-at="2025-08-31T21:28:50 IST" name="TestSuite" finished-at="2025-08-31T21:29:01 IST" duration-ms="10389">
    <groups>
    </groups>
    <test started-at="2025-08-31T21:28:50 IST" name="LoginTest" finished-at="2025-08-31T21:29:01 IST" duration-ms="10389">
      <class name="tests.LoginTest">
        <test-method is-config="true" signature="setUp()[pri:0, instance:tests.LoginTest@6771beb3]" started-at="2025-08-31T21:28:50 IST" name="setUp" finished-at="2025-08-31T21:28:54 IST" duration-ms="3347" status="PASS">
          <reporter-output>
          </reporter-output>
        </test-method> <!-- setUp -->
        <test-method signature="testValidLogin()[pri:0, instance:tests.LoginTest@6771beb3]" started-at="2025-08-31T21:28:54 IST" name="testValidLogin" finished-at="2025-08-31T21:28:56 IST" duration-ms="2702" status="PASS">
          <reporter-output>
          </reporter-output>
        </test-method> <!-- testValidLogin -->
        <test-method is-config="true" signature="closeBrowser()[pri:0, instance:tests.LoginTest@6771beb3]" started-at="2025-08-31T21:28:56 IST" name="closeBrowser" finished-at="2025-08-31T21:29:01 IST" duration-ms="4299" status="PASS">
          <reporter-output>
          </reporter-output>
        </test-method> <!-- closeBrowser -->
      </class> <!-- tests.LoginTest -->
    </test> <!-- LoginTest -->
  </suite> <!-- TestSuite -->
</testng-results>
